<?xml version="1.0" encoding="UTF-8"?>
<!-- Generated by org.testng.reporters.JUnitReportReporter -->
<testsuite hostname="DESKTOP-6BOD738" failures="0" tests="8" name="com.Automation.base.Testng_Automation_runner" time="111.101" errors="0" timestamp="2022-08-07T14:37:01 IST" skipped="0">
  <testcase classname="com.Automation.base.Testng_Automation_runner" name="browser_Launch" time="15.436"/>
  <system-out/>
  <testcase classname="com.Automation.base.Testng_Automation_runner" name="object_Manager" time="0.250"/>
  <system-out/>
  <testcase classname="com.Automation.base.Testng_Automation_runner" name="lanuch_URL" time="18.070"/>
  <system-out/>
  <testcase classname="com.Automation.base.Testng_Automation_runner" name="login_process" time="17.821"/>
  <system-out/>
  <testcase classname="com.Automation.base.Testng_Automation_runner" name="casual_Dress" time="15.618"/>
  <system-out/>
  <testcase classname="com.Automation.base.Testng_Automation_runner" name="evening_Dress" time="16.576"/>
  <system-out/>
  <testcase classname="com.Automation.base.Testng_Automation_runner" name="checkout_Process" time="14.795"/>
  <system-out/>
  <testcase classname="com.Automation.base.Testng_Automation_runner" name="confirm_payment" time="12.535"/>
  <system-out/>
</testsuite> <!-- com.Automation.base.Testng_Automation_runner -->
