<?xml version="1.0" encoding="UTF-8"?>
<!-- Generated by org.testng.reporters.JUnitReportReporter -->
<testsuite hostname="DESKTOP-6BOD738" failures="0" tests="8" name="com.Automation.base.Runner_Base_implementation" time="110.517" errors="0" timestamp="2022-08-07T09:37:50 IST" skipped="0">
  <testcase classname="com.Automation.base.Runner_Base_implementation" name="browser_Launch" time="24.409"/>
  <system-out/>
  <testcase classname="com.Automation.base.Runner_Base_implementation" name="object_Manager" time="0.006"/>
  <system-out/>
  <testcase classname="com.Automation.base.Runner_Base_implementation" name="lanuch_URL" time="14.083"/>
  <system-out/>
  <testcase classname="com.Automation.base.Runner_Base_implementation" name="login_process" time="15.117"/>
  <system-out/>
  <testcase classname="com.Automation.base.Runner_Base_implementation" name="casual_Dress" time="20.780"/>
  <system-out/>
  <testcase classname="com.Automation.base.Runner_Base_implementation" name="evening_Dress" time="16.529"/>
  <system-out/>
  <testcase classname="com.Automation.base.Runner_Base_implementation" name="checkout_Process" time="8.823"/>
  <system-out/>
  <testcase classname="com.Automation.base.Runner_Base_implementation" name="confirm_payment" time="10.770"/>
  <system-out/>
</testsuite> <!-- com.Automation.base.Runner_Base_implementation -->
